{
  "RSpec": {
    "coverage": {
      "/Users/student/Projects/week10/gilded_rose_refactoring_kata/lib/gilded_rose.rb": {
        "lines": [
          null,
          null,
          1,
          null,
          1,
          1,
          1,
          12,
          null,
          null,
          1,
          12,
          12,
          5,
          7,
          2,
          null,
          5,
          2,
          2,
          1,
          null,
          1,
          null,
          null,
          null,
          null,
          null,
          12,
          null,
          null,
          null,
          null,
          null,
          null,
          null,
          null,
          null,
          null,
          null,
          null,
          null,
          null,
          null,
          null,
          null,
          1,
          12,
          10,
          null,
          null,
          null,
          null,
          null,
          null,
          null,
          null,
          null,
          null,
          null,
          1,
          5,
          null,
          null,
          1,
          2,
          null,
          null,
          1,
          5,
          2,
          3,
          1,
          2,
          2,
          0,
          0,
          null,
          0,
          null,
          null,
          null,
          1,
          null,
          1,
          14,
          null
        ]
      },
      "/Users/student/Projects/week10/gilded_rose_refactoring_kata/lib/item.rb": {
        "lines": [
          null,
          null,
          1,
          1,
          null,
          1,
          13,
          13,
          13,
          null,
          null,
          1,
          1,
          null,
          null
        ]
      },
      "/Users/student/Projects/week10/gilded_rose_refactoring_kata/spec/item_spec.rb": {
        "lines": [
          null,
          null,
          1,
          null,
          1,
          1,
          1,
          1,
          1,
          null,
          null,
          null
        ]
      }
    },
    "timestamp": 1582825641
  }
}
